TN:
SF:src/Escrow.sol
FN:16,Escrow.depositTokens
FNDA:9,Escrow.depositTokens
DA:18,9
DA:19,9
BRDA:19,0,0,1
BRDA:19,0,1,8
DA:22,8
DA:24,8
BRDA:24,1,0,7
BRDA:24,1,1,1
DA:26,7
DA:29,1
DA:30,1
DA:32,8
BRDA:32,2,0,-
BRDA:32,2,1,8
FN:35,Escrow.withdrawTokens
FNDA:5,Escrow.withdrawTokens
DA:36,5
DA:38,5
BRDA:38,3,0,1
BRDA:38,3,1,4
DA:39,4
BRDA:39,4,0,1
BRDA:39,4,1,3
DA:41,3
DA:43,3
BRDA:43,5,0,2
BRDA:43,5,1,3
DA:45,2
DA:47,3
BRDA:47,6,0,-
BRDA:47,6,1,2
FNF:2
FNH:2
LF:15
LH:15
BRF:14
BRH:12
end_of_record
TN:
SF:test/mocks/MockERC20.sol
FN:11,MockERC20.mint
FNDA:10,MockERC20.mint
DA:12,10
FNF:1
FNH:1
LF:1
LH:1
BRF:0
BRH:0
end_of_record
